<?xml version="1.0" encoding="UTF-8"?>
<!-- Generated by org.testng.reporters.JUnitXMLReporter -->
<testsuite ignored="0" hostname="yeshwanth-PC" failures="1" tests="2" name="Test" time="94.163" errors="0" timestamp="2022-04-23T23:59:18 IST">
  <testcase classname="qaacademy.homepage" name="sample" time="52.224"/>
  <testcase classname="qaacademy.login" name="tester" time="29.301">
    <failure type="java.lang.AssertionError" message="expected [true] but found [false]">
      <![CDATA[java.lang.AssertionError: expected [true] but found [false]
at qaacademy.login.tester(login.java:22)
at java.base/java.util.ArrayList.forEach(ArrayList.java:1511)
... Removed 31 stack frames]]>
    </failure>
  </testcase> <!-- tester -->
</testsuite> <!-- Test -->
